#-----------------------------------------------------------
# PlanAhead v14.7 (64-bit)
# Build 321239 by xbuild on Fri Sep 27 19:24:36 MDT 2013
# Start of session at: Mon May 22 15:01:41 2023
# Process ID: 22546
# Log file: /home/ise/VM/vga_3/planAhead_run_3/planAhead.log
# Journal file: /home/ise/VM/vga_3/planAhead_run_3/planAhead.jou
#-----------------------------------------------------------
INFO: [Common 17-78] Attempting to get a license: PlanAhead
INFO: [Common 17-290] Got license for PlanAhead
INFO: [Common 17-86] Your PlanAhead license expires in -2213 day(s)
INFO: [Device 21-36] Loading parts and site information from /opt/Xilinx/14.7/ISE_DS/PlanAhead/data/parts/arch.xml
Parsing RTL primitives file [/opt/Xilinx/14.7/ISE_DS/PlanAhead/data/parts/xilinx/rtl/prims/rtl_prims.xml]
Finished parsing RTL primitives file [/opt/Xilinx/14.7/ISE_DS/PlanAhead/data/parts/xilinx/rtl/prims/rtl_prims.xml]
start_gui
source /home/ise/VM/vga_3/pa.fromHdl.tcl
# create_project -name vga_3 -dir "/home/ise/VM/vga_3/planAhead_run_3" -part xc6slx9tqg144-3
ERROR: [Common 17-53] User Exception: Project already exists on disk, please use '-force' option to overwrite: 
     /home/ise/VM/vga_3/planAhead_run_3/vga_3.ppr
     /home/ise/VM/vga_3/planAhead_run_3/vga_3.data

    while executing
"create_project -name vga_3 -dir "/home/ise/VM/vga_3/planAhead_run_3" -part xc6slx9tqg144-3"
    (file "/home/ise/VM/vga_3/pa.fromHdl.tcl" line 4)
exit
INFO: [Common 17-206] Exiting PlanAhead at Mon May 22 15:02:30 2023...
INFO: [Common 17-83] Releasing license: PlanAhead
